<?xml version="1.0" encoding="UTF-8"?>
<testsuite xmlns:xsi="http://www.w3.org/2001/XMLSchema-instance" xsi:noNamespaceSchemaLocation="https://maven.apache.org/surefire/maven-surefire-plugin/xsd/surefire-test-report.xsd" name="TestSuite" time="29.912" tests="1" errors="0" skipped="0" failures="1">
  <properties>
    <property name="gopherProxySet" value="false"/>
    <property name="awt.toolkit" value="sun.lwawt.macosx.LWCToolkit"/>
    <property name="file.encoding.pkg" value="sun.io"/>
    <property name="java.specification.version" value="1.8"/>
    <property name="sun.cpu.isalist" value=""/>
    <property name="sun.jnu.encoding" value="UTF-8"/>
    <property name="java.class.path" value="/Users/abhishekkhanka/Documents/GitHub/backend-automation-test/target/test-classes:/Users/abhishekkhanka/Documents/GitHub/backend-automation-test/target/classes:/Users/abhishekkhanka/.m2/repository/junit/junit/4.11/junit-4.11.jar:/Users/abhishekkhanka/.m2/repository/org/hamcrest/hamcrest-core/1.3/hamcrest-core-1.3.jar:/Users/abhishekkhanka/.m2/repository/org/testng/testng/6.13.1/testng-6.13.1.jar:/Users/abhishekkhanka/.m2/repository/com/beust/jcommander/1.72/jcommander-1.72.jar:/Users/abhishekkhanka/.m2/repository/io/rest-assured/rest-assured/5.3.0/rest-assured-5.3.0.jar:/Users/abhishekkhanka/.m2/repository/org/apache/groovy/groovy/4.0.6/groovy-4.0.6.jar:/Users/abhishekkhanka/.m2/repository/org/apache/groovy/groovy-xml/4.0.6/groovy-xml-4.0.6.jar:/Users/abhishekkhanka/.m2/repository/org/apache/httpcomponents/httpclient/4.5.13/httpclient-4.5.13.jar:/Users/abhishekkhanka/.m2/repository/org/apache/httpcomponents/httpcore/4.4.13/httpcore-4.4.13.jar:/Users/abhishekkhanka/.m2/repository/commons-logging/commons-logging/1.2/commons-logging-1.2.jar:/Users/abhishekkhanka/.m2/repository/commons-codec/commons-codec/1.11/commons-codec-1.11.jar:/Users/abhishekkhanka/.m2/repository/org/apache/httpcomponents/httpmime/4.5.13/httpmime-4.5.13.jar:/Users/abhishekkhanka/.m2/repository/org/hamcrest/hamcrest/2.1/hamcrest-2.1.jar:/Users/abhishekkhanka/.m2/repository/org/ccil/cowan/tagsoup/tagsoup/1.2.1/tagsoup-1.2.1.jar:/Users/abhishekkhanka/.m2/repository/io/rest-assured/json-path/5.3.0/json-path-5.3.0.jar:/Users/abhishekkhanka/.m2/repository/org/apache/groovy/groovy-json/4.0.6/groovy-json-4.0.6.jar:/Users/abhishekkhanka/.m2/repository/io/rest-assured/rest-assured-common/5.3.0/rest-assured-common-5.3.0.jar:/Users/abhishekkhanka/.m2/repository/io/rest-assured/xml-path/5.3.0/xml-path-5.3.0.jar:/Users/abhishekkhanka/.m2/repository/org/apache/commons/commons-lang3/3.11/commons-lang3-3.11.jar:/Users/abhishekkhanka/.m2/repository/org/apache/logging/log4j/log4j-core/2.19.0/log4j-core-2.19.0.jar:/Users/abhishekkhanka/.m2/repository/org/apache/logging/log4j/log4j-api/2.19.0/log4j-api-2.19.0.jar:/Users/abhishekkhanka/.m2/repository/io/qameta/allure/allure-testng/2.21.0/allure-testng-2.21.0.jar:/Users/abhishekkhanka/.m2/repository/io/qameta/allure/allure-java-commons/2.21.0/allure-java-commons-2.21.0.jar:/Users/abhishekkhanka/.m2/repository/org/slf4j/slf4j-api/1.7.36/slf4j-api-1.7.36.jar:/Users/abhishekkhanka/.m2/repository/io/qameta/allure/allure-model/2.21.0/allure-model-2.21.0.jar:/Users/abhishekkhanka/.m2/repository/io/qameta/allure/allure-test-filter/2.21.0/allure-test-filter-2.21.0.jar:/Users/abhishekkhanka/.m2/repository/org/projectlombok/lombok/1.18.24/lombok-1.18.24.jar:/Users/abhishekkhanka/.m2/repository/com/fasterxml/jackson/core/jackson-databind/2.11.2/jackson-databind-2.11.2.jar:/Users/abhishekkhanka/.m2/repository/com/fasterxml/jackson/core/jackson-annotations/2.11.2/jackson-annotations-2.11.2.jar:/Users/abhishekkhanka/.m2/repository/com/fasterxml/jackson/core/jackson-core/2.11.2/jackson-core-2.11.2.jar:"/>
    <property name="java.vm.vendor" value="Oracle Corporation"/>
    <property name="sun.arch.data.model" value="64"/>
    <property name="java.vendor.url" value="http://java.oracle.com/"/>
    <property name="user.timezone" value=""/>
    <property name="java.vm.specification.version" value="1.8"/>
    <property name="os.name" value="Mac OS X"/>
    <property name="user.country" value="IN"/>
    <property name="sun.java.launcher" value="SUN_STANDARD"/>
    <property name="sun.boot.library.path" value="/Library/Java/JavaVirtualMachines/jdk1.8.0_281.jdk/Contents/Home/jre/lib"/>
    <property name="sun.java.command" value="/Users/abhishekkhanka/Documents/GitHub/backend-automation-test/target/surefire/surefirebooter4198090561965382669.jar /Users/abhishekkhanka/Documents/GitHub/backend-automation-test/target/surefire 2023-05-02T16-04-54_220-jvmRun1 surefire8130805314681152049tmp surefire_07195296197675936483tmp"/>
    <property name="http.nonProxyHosts" value="local|*.local|169.254/16|*.169.254/16"/>
    <property name="surefire.test.class.path" value="/Users/abhishekkhanka/Documents/GitHub/backend-automation-test/target/test-classes:/Users/abhishekkhanka/Documents/GitHub/backend-automation-test/target/classes:/Users/abhishekkhanka/.m2/repository/junit/junit/4.11/junit-4.11.jar:/Users/abhishekkhanka/.m2/repository/org/hamcrest/hamcrest-core/1.3/hamcrest-core-1.3.jar:/Users/abhishekkhanka/.m2/repository/org/testng/testng/6.13.1/testng-6.13.1.jar:/Users/abhishekkhanka/.m2/repository/com/beust/jcommander/1.72/jcommander-1.72.jar:/Users/abhishekkhanka/.m2/repository/io/rest-assured/rest-assured/5.3.0/rest-assured-5.3.0.jar:/Users/abhishekkhanka/.m2/repository/org/apache/groovy/groovy/4.0.6/groovy-4.0.6.jar:/Users/abhishekkhanka/.m2/repository/org/apache/groovy/groovy-xml/4.0.6/groovy-xml-4.0.6.jar:/Users/abhishekkhanka/.m2/repository/org/apache/httpcomponents/httpclient/4.5.13/httpclient-4.5.13.jar:/Users/abhishekkhanka/.m2/repository/org/apache/httpcomponents/httpcore/4.4.13/httpcore-4.4.13.jar:/Users/abhishekkhanka/.m2/repository/commons-logging/commons-logging/1.2/commons-logging-1.2.jar:/Users/abhishekkhanka/.m2/repository/commons-codec/commons-codec/1.11/commons-codec-1.11.jar:/Users/abhishekkhanka/.m2/repository/org/apache/httpcomponents/httpmime/4.5.13/httpmime-4.5.13.jar:/Users/abhishekkhanka/.m2/repository/org/hamcrest/hamcrest/2.1/hamcrest-2.1.jar:/Users/abhishekkhanka/.m2/repository/org/ccil/cowan/tagsoup/tagsoup/1.2.1/tagsoup-1.2.1.jar:/Users/abhishekkhanka/.m2/repository/io/rest-assured/json-path/5.3.0/json-path-5.3.0.jar:/Users/abhishekkhanka/.m2/repository/org/apache/groovy/groovy-json/4.0.6/groovy-json-4.0.6.jar:/Users/abhishekkhanka/.m2/repository/io/rest-assured/rest-assured-common/5.3.0/rest-assured-common-5.3.0.jar:/Users/abhishekkhanka/.m2/repository/io/rest-assured/xml-path/5.3.0/xml-path-5.3.0.jar:/Users/abhishekkhanka/.m2/repository/org/apache/commons/commons-lang3/3.11/commons-lang3-3.11.jar:/Users/abhishekkhanka/.m2/repository/org/apache/logging/log4j/log4j-core/2.19.0/log4j-core-2.19.0.jar:/Users/abhishekkhanka/.m2/repository/org/apache/logging/log4j/log4j-api/2.19.0/log4j-api-2.19.0.jar:/Users/abhishekkhanka/.m2/repository/io/qameta/allure/allure-testng/2.21.0/allure-testng-2.21.0.jar:/Users/abhishekkhanka/.m2/repository/io/qameta/allure/allure-java-commons/2.21.0/allure-java-commons-2.21.0.jar:/Users/abhishekkhanka/.m2/repository/org/slf4j/slf4j-api/1.7.36/slf4j-api-1.7.36.jar:/Users/abhishekkhanka/.m2/repository/io/qameta/allure/allure-model/2.21.0/allure-model-2.21.0.jar:/Users/abhishekkhanka/.m2/repository/io/qameta/allure/allure-test-filter/2.21.0/allure-test-filter-2.21.0.jar:/Users/abhishekkhanka/.m2/repository/org/projectlombok/lombok/1.18.24/lombok-1.18.24.jar:/Users/abhishekkhanka/.m2/repository/com/fasterxml/jackson/core/jackson-databind/2.11.2/jackson-databind-2.11.2.jar:/Users/abhishekkhanka/.m2/repository/com/fasterxml/jackson/core/jackson-annotations/2.11.2/jackson-annotations-2.11.2.jar:/Users/abhishekkhanka/.m2/repository/com/fasterxml/jackson/core/jackson-core/2.11.2/jackson-core-2.11.2.jar:"/>
    <property name="sun.cpu.endian" value="little"/>
    <property name="user.home" value="/Users/abhishekkhanka"/>
    <property name="user.language" value="en"/>
    <property name="java.specification.vendor" value="Oracle Corporation"/>
    <property name="java.home" value="/Library/Java/JavaVirtualMachines/jdk1.8.0_281.jdk/Contents/Home/jre"/>
    <property name="basedir" value="/Users/abhishekkhanka/Documents/GitHub/backend-automation-test"/>
    <property name="file.separator" value="/"/>
    <property name="line.separator" value="&#10;"/>
    <property name="java.vm.specification.vendor" value="Oracle Corporation"/>
    <property name="java.specification.name" value="Java Platform API Specification"/>
    <property name="java.awt.graphicsenv" value="sun.awt.CGraphicsEnvironment"/>
    <property name="surefire.real.class.path" value="/Users/abhishekkhanka/Documents/GitHub/backend-automation-test/target/surefire/surefirebooter4198090561965382669.jar"/>
    <property name="sun.boot.class.path" value="/Library/Java/JavaVirtualMachines/jdk1.8.0_281.jdk/Contents/Home/jre/lib/resources.jar:/Library/Java/JavaVirtualMachines/jdk1.8.0_281.jdk/Contents/Home/jre/lib/rt.jar:/Library/Java/JavaVirtualMachines/jdk1.8.0_281.jdk/Contents/Home/jre/lib/sunrsasign.jar:/Library/Java/JavaVirtualMachines/jdk1.8.0_281.jdk/Contents/Home/jre/lib/jsse.jar:/Library/Java/JavaVirtualMachines/jdk1.8.0_281.jdk/Contents/Home/jre/lib/jce.jar:/Library/Java/JavaVirtualMachines/jdk1.8.0_281.jdk/Contents/Home/jre/lib/charsets.jar:/Library/Java/JavaVirtualMachines/jdk1.8.0_281.jdk/Contents/Home/jre/lib/jfr.jar:/Library/Java/JavaVirtualMachines/jdk1.8.0_281.jdk/Contents/Home/jre/classes"/>
    <property name="sun.management.compiler" value="HotSpot 64-Bit Tiered Compilers"/>
    <property name="ftp.nonProxyHosts" value="local|*.local|169.254/16|*.169.254/16"/>
    <property name="java.runtime.version" value="1.8.0_281-b09"/>
    <property name="user.name" value="abhishekkhanka"/>
    <property name="path.separator" value=":"/>
    <property name="os.version" value="10.16"/>
    <property name="java.endorsed.dirs" value="/Library/Java/JavaVirtualMachines/jdk1.8.0_281.jdk/Contents/Home/jre/lib/endorsed"/>
    <property name="java.runtime.name" value="Java(TM) SE Runtime Environment"/>
    <property name="file.encoding" value="US-ASCII"/>
    <property name="java.vm.name" value="Java HotSpot(TM) 64-Bit Server VM"/>
    <property name="localRepository" value="/Users/abhishekkhanka/.m2/repository"/>
    <property name="java.vendor.url.bug" value="http://bugreport.sun.com/bugreport/"/>
    <property name="java.io.tmpdir" value="/var/folders/ry/ww1gj_f10fvcwwpz684yzjrw0000gn/T/"/>
    <property name="java.version" value="1.8.0_281"/>
    <property name="user.dir" value="/Users/abhishekkhanka/Documents/GitHub/backend-automation-test"/>
    <property name="os.arch" value="x86_64"/>
    <property name="java.vm.specification.name" value="Java Virtual Machine Specification"/>
    <property name="java.awt.printerjob" value="sun.lwawt.macosx.CPrinterJob"/>
    <property name="sun.os.patch.level" value="unknown"/>
    <property name="java.library.path" value="/Users/abhishekkhanka/Library/Java/Extensions:/Library/Java/Extensions:/Network/Library/Java/Extensions:/System/Library/Java/Extensions:/usr/lib/java:."/>
    <property name="java.vm.info" value="mixed mode"/>
    <property name="java.vendor" value="Oracle Corporation"/>
    <property name="java.vm.version" value="25.281-b09"/>
    <property name="java.ext.dirs" value="/Users/abhishekkhanka/Library/Java/Extensions:/Library/Java/JavaVirtualMachines/jdk1.8.0_281.jdk/Contents/Home/jre/lib/ext:/Library/Java/Extensions:/Network/Library/Java/Extensions:/System/Library/Java/Extensions:/usr/lib/java"/>
    <property name="sun.io.unicode.encoding" value="UnicodeBig"/>
    <property name="java.class.version" value="52.0"/>
    <property name="socksNonProxyHosts" value="local|*.local|169.254/16|*.169.254/16"/>
  </properties>
  <testcase name="testPostCreateCampaign" classname="org.example.createCampaign" time="3.029">
    <failure message="1 expectation failed.&#10;Expected status code &lt;200&gt; but was &lt;403&gt;.&#10;" type="java.lang.AssertionError"><![CDATA[java.lang.AssertionError: 
1 expectation failed.
Expected status code <200> but was <403>.

	at org.example.createCampaign.testPostCreateCampaign(createCampaign.java:31)
]]></failure>
    <system-out><![CDATA[campaignrequest campaignRequest(segmentId=0, step_number=1, name=Test_BE_Automation_Email_E2E_Non_Recurring_Scenario1, channel=email, campaignType=BROADCAST, segmentType=SEGMENTED, isRecurring=false, gapInDays=0, recurringType=null, campaigns=[Campaign(deviceType=email)], user_type=user, anonymous=false, userType=buyers, isSortedActionTrigger=false, email_id=michael.paramon@tokopedia.com, extendedName=[AUTOMATION BE] [TEST] Test_BE_Automation_Email_E2E_Non_Recurring_Scenario1, tagList=[TagList(tagId=0, tagName=AUTOMATION BE), TagList(tagId=1, tagName=TEST)], tags=Tags(tags=[5647, 5438]))
Request method:	POST
Request URI:	https://imt-staging.tokopedia.com/api/v1/parent
Proxy:			<none>
Request params:	<none>
Query params:	<none>
Form params:	<none>
Path params:	<none>
Headers:		Accept=application/json
				Authorization=Basic MVh2V0FxS0RZOE9ZYXJyT3I4MW15TStoVnhUOVFHdFVYUkFyRkFSZGJWVGF4NTdMNzBaN2xnL01NeVBBUW5OMjpoVW5NN3krZXQ0YUdDWFlSN2tFNzZBPT0=
				Content-Type=application/json
Cookies:		<none>
Multiparts:		<none>
Body:
{
    "segmentId": 0,
    "step_number": 1,
    "name": "Test_BE_Automation_Email_E2E_Non_Recurring_Scenario1",
    "channel": "email",
    "campaignType": "BROADCAST",
    "segmentType": "SEGMENTED",
    "gapInDays": 0,
    "recurringType": null,
    "campaigns": [
        {
            "deviceType": "email"
        }
    ],
    "user_type": "user",
    "anonymous": false,
    "userType": "buyers",
    "email_id": "michael.paramon@tokopedia.com",
    "extendedName": "[AUTOMATION BE] [TEST] Test_BE_Automation_Email_E2E_Non_Recurring_Scenario1",
    "tagList": [
        {
            "tagId": 0,
            "tagName": "AUTOMATION BE"
        },
        {
            "tagId": 1,
            "tagName": "TEST"
        }
    ],
    "tags": {
        "tags": [
            5647,
            5438
        ]
    },
    "recurring": false,
    "sortedActionTrigger": false
}
Request method:	POST
Request URI:	https://imt-staging.tokopedia.com/api/v1/parent
Proxy:			<none>
Request params:	<none>
Query params:	<none>
Form params:	<none>
Path params:	<none>
Headers:		Accept=application/json
				Authorization=Basic MVh2V0FxS0RZOE9ZYXJyT3I4MW15TStoVnhUOVFHdFVYUkFyRkFSZGJWVGF4NTdMNzBaN2xnL01NeVBBUW5OMjpoVW5NN3krZXQ0YUdDWFlSN2tFNzZBPT0=
				Content-Type=application/json
Cookies:		<none>
Multiparts:		<none>
Body:
{
    "segmentId": 0,
    "step_number": 1,
    "name": "Test_BE_Automation_Email_E2E_Non_Recurring_Scenario1",
    "channel": "email",
    "campaignType": "BROADCAST",
    "segmentType": "SEGMENTED",
    "gapInDays": 0,
    "recurringType": null,
    "campaigns": [
        {
            "deviceType": "email"
        }
    ],
    "user_type": "user",
    "anonymous": false,
    "userType": "buyers",
    "email_id": "michael.paramon@tokopedia.com",
    "extendedName": "[AUTOMATION BE] [TEST] Test_BE_Automation_Email_E2E_Non_Recurring_Scenario1",
    "tagList": [
        {
            "tagId": 0,
            "tagName": "AUTOMATION BE"
        },
        {
            "tagId": 1,
            "tagName": "TEST"
        }
    ],
    "tags": {
        "tags": [
            5647,
            5438
        ]
    },
    "recurring": false,
    "sortedActionTrigger": false
}
]]></system-out>
    <system-err><![CDATA[SLF4J: Failed to load class "org.slf4j.impl.StaticLoggerBinder".
SLF4J: Defaulting to no-operation (NOP) logger implementation
SLF4J: See http://www.slf4j.org/codes.html#StaticLoggerBinder for further details.
]]></system-err>
  </testcase>
</testsuite>