<?xml version="1.0" encoding="UTF-8"?>
<!-- Generated by org.testng.reporters.JUnitReportReporter -->
<testsuite skipped="0" hostname="BA-00019055.local" name="org.example.createUserTestPositive" tests="1" failures="0" timestamp="19 Apr 2023 08:05:58 GMT" time="13.015" errors="0">
  <testcase name="testPostCreateUser" time="13.015" classname="org.example.createUserTestPositive"/>
</testsuite> <!-- org.example.createUserTestPositive -->
